<?xml version="1.0" encoding="UTF-8"?>
<!-- Generated by org.testng.reporters.JUnitXMLReporter -->
<testsuite hostname="DESKTOP-I5FDIJE" ignored="0" name="Test" tests="6" failures="0" timestamp="31 Jul 2019 19:56:01 GMT" time="0.132" errors="0">
  <testcase name="mobilebrowserautomation" time="0.008" classname="qaclickacadmy.AppiumTest"/>
  <testcase name="mobileelementsui" time="0.0" classname="qaclickacadmy.AppiumTest"/>
  <testcase name="browserautomation" time="0.0" classname="qaclickacadmy.SeleniumTest"/>
  <testcase name="elementsui" time="0.0" classname="qaclickacadmy.SeleniumTest"/>
  <testcase name="restapibrowserautomation" time="0.0" classname="qaclickacadmy.RestapiTest"/>
  <testcase name="restapielementsui" time="0.0" classname="qaclickacadmy.RestapiTest"/>
</testsuite> <!-- Test -->
